[00:30:30] zpm346 (uuid: b9211eb6-a8d7-4bfa-85f5-eb121aba0a2b): the iportal wand does not seem to work
[00:30:41] Yagada (uuid: c45e7627-1047-41f4-9a17-5589c18e2377): shit rly
[00:30:48] zpm346 (uuid: b9211eb6-a8d7-4bfa-85f5-eb121aba0a2b): yeah the wand won't select things
[00:31:15] Yagada (uuid: c45e7627-1047-41f4-9a17-5589c18e2377): oh its old
[00:31:21] Yagada (uuid: c45e7627-1047-41f4-9a17-5589c18e2377): idk how i didnt see that
[00:31:29] zpm346 (uuid: b9211eb6-a8d7-4bfa-85f5-eb121aba0a2b): there was a review from like a month ago though
[00:31:43] Yagada (uuid: c45e7627-1047-41f4-9a17-5589c18e2377): ppl still use older version of mc lol
[00:31:50] zpm346 (uuid: b9211eb6-a8d7-4bfa-85f5-eb121aba0a2b): oh yeah
[00:34:41] zpm346 (uuid: b9211eb6-a8d7-4bfa-85f5-eb121aba0a2b): https://www.spigotmc.org/resources/advanced-portals.14356/
[00:34:47] zpm346 (uuid: b9211eb6-a8d7-4bfa-85f5-eb121aba0a2b): would something like this work
[00:35:32] Yagada (uuid: c45e7627-1047-41f4-9a17-5589c18e2377): oh i saw that one
[00:35:35] Yagada (uuid: c45e7627-1047-41f4-9a17-5589c18e2377): kinda looked gay
[00:35:48] Yagada (uuid: c45e7627-1047-41f4-9a17-5589c18e2377): this one is actually something i think we can use
[00:35:54] Yagada (uuid: c45e7627-1047-41f4-9a17-5589c18e2377): https://www.youtube.com/watch?v=7iy4JCiZEKk
[00:37:15] Yagada (uuid: c45e7627-1047-41f4-9a17-5589c18e2377): u can connect portals to each other
[00:37:53] zpm346 (uuid: b9211eb6-a8d7-4bfa-85f5-eb121aba0a2b): so we need to just make second portals at the location
[00:38:04] Yagada (uuid: c45e7627-1047-41f4-9a17-5589c18e2377): yea, if thats something ud wanna do
[00:38:06] zpm346 (uuid: b9211eb6-a8d7-4bfa-85f5-eb121aba0a2b): too bad I doubt we can chain a /wild to it, but whatever
[00:38:09] Yagada (uuid: c45e7627-1047-41f4-9a17-5589c18e2377): if not ill keep lookin
[00:38:13] zpm346 (uuid: b9211eb6-a8d7-4bfa-85f5-eb121aba0a2b): I can literally copy paste the portals lol
[00:38:22] Yagada (uuid: c45e7627-1047-41f4-9a17-5589c18e2377): ill keep lookin
[00:38:39] zpm346 (uuid: b9211eb6-a8d7-4bfa-85f5-eb121aba0a2b): gotta like that the video did in 5 seconds what it took 1:12 to show off
[00:39:31] Yagada (uuid: c45e7627-1047-41f4-9a17-5589c18e2377): ikr lmao
[00:40:32] zpm346 (uuid: b9211eb6-a8d7-4bfa-85f5-eb121aba0a2b): too bad advanced portals thumbnail is misleading
[00:40:45] zpm346 (uuid: b9211eb6-a8d7-4bfa-85f5-eb121aba0a2b): acting like it had multi colored portals
[00:40:49] zpm346 (uuid: b9211eb6-a8d7-4bfa-85f5-eb121aba0a2b): which would be fucking neat
[00:40:53] Yagada (uuid: c45e7627-1047-41f4-9a17-5589c18e2377): ik
[00:40:59] Yagada (uuid: c45e7627-1047-41f4-9a17-5589c18e2377): thats what i wudve done
[00:44:55] Yagada (uuid: c45e7627-1047-41f4-9a17-5589c18e2377): lol
[00:44:56] zpm346 (uuid: b9211eb6-a8d7-4bfa-85f5-eb121aba0a2b): i randomed it lol
[00:45:13] zpm346 (uuid: b9211eb6-a8d7-4bfa-85f5-eb121aba0a2b): does this work?
[00:45:24] Yagada (uuid: c45e7627-1047-41f4-9a17-5589c18e2377): yea
[00:45:30] zpm346 (uuid: b9211eb6-a8d7-4bfa-85f5-eb121aba0a2b): so am I upsidedown?
[00:45:35] Yagada (uuid: c45e7627-1047-41f4-9a17-5589c18e2377): oh no
[00:45:43] zpm346 (uuid: b9211eb6-a8d7-4bfa-85f5-eb121aba0a2b): rip, dinnerbone is normally upsidedown lol
[00:48:26] Yagada (uuid: c45e7627-1047-41f4-9a17-5589c18e2377): idk dude
[00:48:30] Yagada (uuid: c45e7627-1047-41f4-9a17-5589c18e2377): im not seeing much
[00:48:38] Yagada (uuid: c45e7627-1047-41f4-9a17-5589c18e2377): i wish fucking warpportals worked
[00:48:41] Yagada (uuid: c45e7627-1047-41f4-9a17-5589c18e2377): best one by far
[00:48:47] Yagada (uuid: c45e7627-1047-41f4-9a17-5589c18e2377): ima try a diff version of it
[00:48:57] zpm346 (uuid: b9211eb6-a8d7-4bfa-85f5-eb121aba0a2b): yeah
[00:50:44] Yagada (uuid: c45e7627-1047-41f4-9a17-5589c18e2377): might do a couple restarts
[00:50:48] zpm346 (uuid: b9211eb6-a8d7-4bfa-85f5-eb121aba0a2b): go for it
[00:50:54] zpm346 (uuid: b9211eb6-a8d7-4bfa-85f5-eb121aba0a2b): i'm gonna get off for now
[13:13:08] zpm346 (uuid: b9211eb6-a8d7-4bfa-85f5-eb121aba0a2b): 669 63 -22
[13:13:31] zpm346 (uuid: b9211eb6-a8d7-4bfa-85f5-eb121aba0a2b): 669 70 -29
